<?xml version="1.0" encoding="UTF-8"?>
<!-- Generated by org.testng.reporters.JUnitXMLReporter -->
<testsuite ignored="1" hostname="helilshahyars-iMac.local" failures="0" tests="1" name="Default test" time="1.602" errors="0" timestamp="2023-09-21T21:32:11 EDT">
  <testcase classname="api_tests.PetStoreAPI_Tests" name="getApetByID" time="1.567"/>
  <testcase classname="api_tests.PetStoreAPI_Tests" name="getPetsByStatus" time="0.0">
    <ignored/>
  </testcase> <!-- getPetsByStatus -->
</testsuite> <!-- Default test -->
