<?xml version="1.0" encoding="UTF-8"?>
<!-- Generated by org.testng.reporters.JUnitXMLReporter -->
<testsuite ignored="2" hostname="helilshahyars-iMac.local" failures="0" tests="2" name="Default test" time="7.971" errors="0" timestamp="2023-09-27T21:29:02 EDT">
  <testcase classname="api_tests.PetStoreUserAPI_Tests" name="createNewUser" time="7.446"/>
  <testcase classname="api_tests.PetStoreUserAPI_Tests" name="getAUserWithUserName" time="0.496"/>
  <testcase classname="api_tests.PetStoreUserAPI_Tests" name="userNotFound" time="0.0">
    <ignored/>
  </testcase> <!-- userNotFound -->
  <testcase classname="api_tests.PetStoreUserAPI_Tests" name="loginNewUser" time="0.0">
    <ignored/>
  </testcase> <!-- loginNewUser -->
</testsuite> <!-- Default test -->
