<?xml version="1.0" encoding="UTF-8"?>
<testng-results ignored="0" total="2" passed="2" failed="0" skipped="0">
  <reporter-output>
  </reporter-output>
  <suite started-at="2023-09-27T21:28:54 EDT" name="Default suite" finished-at="2023-09-27T21:29:02 EDT" duration-ms="7971">
    <groups>
    </groups>
    <test started-at="2023-09-27T21:28:54 EDT" name="Default test" finished-at="2023-09-27T21:29:02 EDT" duration-ms="7971">
      <class name="api_tests.PetStoreUserAPI_Tests">
        <test-method signature="createNewUser()[pri:0, instance:api_tests.PetStoreUserAPI_Tests@5542c4ed]" started-at="2023-09-27T21:28:54 EDT" name="createNewUser" finished-at="2023-09-27T21:29:01 EDT" duration-ms="7446" status="PASS">
          <reporter-output>
          </reporter-output>
        </test-method> <!-- createNewUser -->
        <test-method signature="getAUserWithUserName()[pri:0, instance:api_tests.PetStoreUserAPI_Tests@5542c4ed]" started-at="2023-09-27T21:29:01 EDT" name="getAUserWithUserName" finished-at="2023-09-27T21:29:02 EDT" depends-on-methods="api_tests.PetStoreUserAPI_Tests.createNewUser" duration-ms="496" status="PASS">
          <reporter-output>
          </reporter-output>
        </test-method> <!-- getAUserWithUserName -->
      </class> <!-- api_tests.PetStoreUserAPI_Tests -->
    </test> <!-- Default test -->
  </suite> <!-- Default suite -->
</testng-results>
